<?xml version="1.0" encoding="UTF-8"?>
<testng-results ignored="0" total="1" passed="1" failed="0" skipped="0">
  <reporter-output>
  </reporter-output>
  <suite started-at="2021-09-01T00:37:42 IST" name="Default suite" finished-at="2021-09-01T00:37:46 IST" duration-ms="3713">
    <groups>
    </groups>
    <test started-at="2021-09-01T00:37:42 IST" name="Default test" finished-at="2021-09-01T00:37:46 IST" duration-ms="3713">
      <class name="API_tests.SOAPXmlRequest">
        <test-method is-config="true" signature="SetUp()[pri:0, instance:API_tests.SOAPXmlRequest@6d2a209c]" started-at="2021-09-01T00:37:42 IST" name="SetUp" finished-at="2021-09-01T00:37:43 IST" duration-ms="839" status="PASS">
          <reporter-output>
          </reporter-output>
        </test-method> <!-- SetUp -->
        <test-method signature="testPOST()[pri:0, instance:API_tests.SOAPXmlRequest@6d2a209c]" started-at="2021-09-01T00:37:43 IST" name="testPOST" finished-at="2021-09-01T00:37:46 IST" duration-ms="2840" status="PASS">
          <reporter-output>
          </reporter-output>
        </test-method> <!-- testPOST -->
      </class> <!-- API_tests.SOAPXmlRequest -->
    </test> <!-- Default test -->
  </suite> <!-- Default suite -->
</testng-results>
